<?xml version="1.0" encoding="UTF-8"?>
<testng-results ignored="0" total="1" passed="1" failed="0" skipped="0">
  <reporter-output>
  </reporter-output>
  <suite started-at="2024-03-10T20:26:49 IST" name="Default suite" finished-at="2024-03-10T20:26:49 IST" duration-ms="524">
    <groups>
    </groups>
    <test started-at="2024-03-10T20:26:49 IST" name="Default test" finished-at="2024-03-10T20:26:49 IST" duration-ms="524">
      <class name="com.testNG.Facebook_Login_Test">
        <test-method signature="login()[pri:0, instance:com.testNG.Facebook_Login_Test@383bfa16]" started-at="2024-03-10T20:26:49 IST" name="login" finished-at="2024-03-10T20:26:49 IST" duration-ms="480" status="PASS">
          <reporter-output>
          </reporter-output>
        </test-method> <!-- login -->
      </class> <!-- com.testNG.Facebook_Login_Test -->
    </test> <!-- Default test -->
  </suite> <!-- Default suite -->
</testng-results>
